<?xml version="1.0" encoding="UTF-8"?>
<!-- Generated by org.testng.reporters.JUnitReportReporter -->
<testsuite hostname="DESKTOP-GPJOP6O" failures="0" tests="1" name="TestPack.DashboardTest" time="4.250" errors="0" timestamp="20 Feb 2023 10:30:09 GMT" skipped="0">
  <testcase classname="TestPack.DashboardTest" name="Dashboard" time="4.250"/>
</testsuite> <!-- TestPack.DashboardTest -->
