<?xml version="1.0" encoding="UTF-8"?>
<!-- Generated by org.testng.reporters.JUnitReportReporter -->
<testsuite hostname="DESKTOP-GPJOP6O" failures="0" tests="1" name="TestPack.AddSbuinitialTestCases" time="84.829" errors="0" timestamp="20 Feb 2023 10:30:09 GMT" skipped="0">
  <testcase classname="TestPack.AddSbuinitialTestCases" name="testcase" time="84.829"/>
</testsuite> <!-- TestPack.AddSbuinitialTestCases -->
