<?xml version="1.0" encoding="UTF-8"?>
<!-- Generated by org.testng.reporters.JUnitReportReporter -->
<testsuite hostname="DESKTOP-GPJOP6O" failures="0" tests="1" name="TestPack.Testreportingmethdos" time="0.036" errors="0" timestamp="20 Feb 2023 09:50:33 GMT" skipped="0">
  <testcase classname="TestPack.Testreportingmethdos" name="position" time="0.036"/>
</testsuite> <!-- TestPack.Testreportingmethdos -->
