<?xml version="1.0" encoding="UTF-8"?>
<!-- Generated by org.testng.reporters.JUnitReportReporter -->
<testsuite hostname="DESKTOP-GPJOP6O" failures="0" tests="1" name="TestPack.AddSbuinitialTestCases" time="85.398" errors="0" timestamp="21 Feb 2023 03:22:20 GMT" skipped="0">
  <testcase classname="TestPack.AddSbuinitialTestCases" name="testcase" time="85.398"/>
</testsuite> <!-- TestPack.AddSbuinitialTestCases -->
