<?xml version="1.0" encoding="UTF-8"?>
<!-- Generated by org.testng.reporters.JUnitReportReporter -->
<testsuite hostname="DESKTOP-GPJOP6O" failures="0" tests="1" name="TestPack.DashboardTest" time="4.462" errors="0" timestamp="21 Feb 2023 03:06:12 GMT" skipped="0">
  <testcase classname="TestPack.DashboardTest" name="Dashboard" time="4.462"/>
</testsuite> <!-- TestPack.DashboardTest -->
