<?xml version="1.0" encoding="UTF-8"?>
<!-- Generated by org.testng.reporters.JUnitReportReporter -->
<testsuite hostname="DESKTOP-GPJOP6O" failures="0" tests="6" name="TestPack.AddSbuUITest" time="15.629" errors="0" timestamp="20 Feb 2023 09:53:09 GMT" skipped="0">
  <testcase classname="TestPack.AddSbuUITest" name="addsbubutton" time="0.492"/>
  <testcase classname="TestPack.AddSbuUITest" name="addsbutext" time="0.817"/>
  <testcase classname="TestPack.AddSbuUITest" name="sbutext" time="0.812"/>
  <testcase classname="TestPack.AddSbuUITest" name="description" time="0.710"/>
  <testcase classname="TestPack.AddSbuUITest" name="sbutextbox" time="6.402"/>
  <testcase classname="TestPack.AddSbuUITest" name="descriptiontextbox" time="6.396"/>
</testsuite> <!-- TestPack.AddSbuUITest -->
