<?xml version="1.0" encoding="UTF-8"?>
<!-- Generated by org.testng.reporters.JUnitReportReporter -->
<testsuite hostname="DESKTOP-GPJOP6O" failures="0" tests="1" name="TestPack.LoginTest" time="6.632" errors="0" timestamp="21 Feb 2023 03:22:20 GMT" skipped="0">
  <testcase classname="TestPack.LoginTest" name="Login" time="6.632"/>
</testsuite> <!-- TestPack.LoginTest -->
